app/build/intermediates/manifest_merge_blame_file/release/manifest-merger-blame-release-report.txt
1<?xml version="1.0" encoding="utf-8"?>
2<manifest xmlns:android="http://schemas.android.com/apk/res/android"
3    package="com.alf.preciosaspromessas"
4    android:versionCode="7"
5    android:versionName="4.1" >
6
7    <uses-sdk
8        android:minSdkVersion="19"
8-->src\main\AndroidManifest.xml
9        android:targetSdkVersion="30" />
9-->src\main\AndroidManifest.xml
10
11    <uses-permission android:name="android.permission.INTERNET" />
11-->src\main\AndroidManifest.xml:5:5-67
11-->src\main\AndroidManifest.xml:5:22-64
12    <uses-permission android:name="android.permission.ACCESS_NETWORK_STATE" />
12-->[com.google.android.gms:play-services-measurement-api:18.0.2] AndroidManifest.xml:23:5-79
12-->[com.google.android.gms:play-services-measurement-api:18.0.2] AndroidManifest.xml:23:22-76
13    <uses-permission android:name="android.permission.WAKE_LOCK" />
13-->[com.google.android.gms:play-services-measurement-api:18.0.2] AndroidManifest.xml:24:5-68
13-->[com.google.android.gms:play-services-measurement-api:18.0.2] AndroidManifest.xml:24:22-65
14    <uses-permission android:name="com.google.android.finsky.permission.BIND_GET_INSTALL_REFERRER_SERVICE" /> <!-- Android package visibility setting -->
14-->[com.google.android.gms:play-services-measurement:18.0.2] AndroidManifest.xml:26:5-110
14-->[com.google.android.gms:play-services-measurement:18.0.2] AndroidManifest.xml:26:22-107
15    <queries>
15-->[com.google.android.gms:play-services-ads-lite:19.7.0] AndroidManifest.xml:27:5-43:15
16
17        <!-- For browser content -->
18        <intent>
18-->[com.google.android.gms:play-services-ads-lite:19.7.0] AndroidManifest.xml:30:9-36:18
19            <action android:name="android.intent.action.VIEW" />
19-->[com.google.android.gms:play-services-ads-lite:19.7.0] AndroidManifest.xml:31:13-65
19-->[com.google.android.gms:play-services-ads-lite:19.7.0] AndroidManifest.xml:31:21-62
20
21            <category android:name="android.intent.category.BROWSABLE" />
21-->[com.google.android.gms:play-services-ads-lite:19.7.0] AndroidManifest.xml:33:13-74
21-->[com.google.android.gms:play-services-ads-lite:19.7.0] AndroidManifest.xml:33:23-71
22
23            <data android:scheme="https" />
23-->[com.google.android.gms:play-services-ads-lite:19.7.0] AndroidManifest.xml:35:13-44
23-->[com.google.android.gms:play-services-ads-lite:19.7.0] AndroidManifest.xml:35:19-41
24        </intent>
25        <!-- End of browser content -->
26        <!-- For CustomTabsService -->
27        <intent>
27-->[com.google.android.gms:play-services-ads-lite:19.7.0] AndroidManifest.xml:39:9-41:18
28            <action android:name="android.support.customtabs.action.CustomTabsService" />
28-->[com.google.android.gms:play-services-ads-lite:19.7.0] AndroidManifest.xml:40:13-90
28-->[com.google.android.gms:play-services-ads-lite:19.7.0] AndroidManifest.xml:40:21-87
29        </intent>
30        <!-- End of CustomTabsService -->
31    </queries>
32
33    <uses-permission android:name="android.permission.RECEIVE_BOOT_COMPLETED" />
33-->[androidx.work:work-runtime:2.1.0] AndroidManifest.xml:27:5-81
33-->[androidx.work:work-runtime:2.1.0] AndroidManifest.xml:27:22-78
34
35    <application
35-->src\main\AndroidManifest.xml:7:5-50:19
36        android:allowBackup="true"
36-->src\main\AndroidManifest.xml:8:9-35
37        android:appComponentFactory="androidx.core.app.CoreComponentFactory"
37-->[androidx.core:core:1.3.1] AndroidManifest.xml:24:18-86
38        android:icon="@mipmap/ic_launcher"
38-->src\main\AndroidManifest.xml:9:9-43
39        android:label="@string/app_name"
39-->src\main\AndroidManifest.xml:10:9-41
40        android:roundIcon="@mipmap/ic_launcher_round"
40-->src\main\AndroidManifest.xml:11:9-54
41        android:supportsRtl="true"
41-->src\main\AndroidManifest.xml:12:9-35
42        android:theme="@style/AppTheme" >
42-->src\main\AndroidManifest.xml:13:9-40
43
44        <!-- Delay app measurement until MobileAds.initialize() is called. -->
45        <meta-data
45-->src\main\AndroidManifest.xml:16:9-18:35
46            android:name="com.google.android.gms.ads.DELAY_APP_MEASUREMENT_INIT"
46-->src\main\AndroidManifest.xml:17:13-81
47            android:value="true" />
47-->src\main\AndroidManifest.xml:18:13-33
48        <meta-data
48-->src\main\AndroidManifest.xml:20:9-22:70
49            android:name="com.google.android.gms.ads.APPLICATION_ID"
49-->src\main\AndroidManifest.xml:21:13-69
50            android:value="ca-app-pub-3095263829933929~6844464095" />
50-->src\main\AndroidManifest.xml:22:13-67
51        <meta-data
51-->src\main\AndroidManifest.xml:24:9-26:35
52            android:name="com.google.android.gms.ads.AD_MANAGER_APP"
52-->src\main\AndroidManifest.xml:25:13-69
53            android:value="true" />
53-->src\main\AndroidManifest.xml:26:13-33
54
55        <activity
55-->src\main\AndroidManifest.xml:28:9-31:52
56            android:name="com.alf.preciosaspromessas.FavoriteListActivity"
56-->src\main\AndroidManifest.xml:29:13-49
57            android:configChanges="orientation"
57-->src\main\AndroidManifest.xml:30:13-48
58            android:screenOrientation="portrait" />
58-->src\main\AndroidManifest.xml:31:13-49
59        <activity
59-->src\main\AndroidManifest.xml:32:9-35:52
60            android:name="com.alf.preciosaspromessas.FavoriteItemActivity"
60-->src\main\AndroidManifest.xml:33:13-49
61            android:configChanges="orientation"
61-->src\main\AndroidManifest.xml:34:13-48
62            android:screenOrientation="portrait" />
62-->src\main\AndroidManifest.xml:35:13-49
63        <activity
63-->src\main\AndroidManifest.xml:36:9-39:51
64            android:name="com.alf.preciosaspromessas.MainActivity"
64-->src\main\AndroidManifest.xml:37:13-41
65            android:configChanges="orientation"
65-->src\main\AndroidManifest.xml:38:13-48
66            android:screenOrientation="portrait" />
66-->src\main\AndroidManifest.xml:39:13-49
67        <activity
67-->src\main\AndroidManifest.xml:41:9-49:20
68            android:name="com.alf.preciosaspromessas.SplashActivity"
68-->src\main\AndroidManifest.xml:41:19-49
69            android:configChanges="orientation"
69-->src\main\AndroidManifest.xml:42:13-48
70            android:screenOrientation="portrait" >
70-->src\main\AndroidManifest.xml:43:13-49
71            <intent-filter>
71-->src\main\AndroidManifest.xml:44:13-48:29
72                <action android:name="android.intent.action.MAIN" />
72-->src\main\AndroidManifest.xml:45:17-69
72-->src\main\AndroidManifest.xml:45:25-66
73
74                <category android:name="android.intent.category.LAUNCHER" />
74-->src\main\AndroidManifest.xml:47:17-77
74-->src\main\AndroidManifest.xml:47:27-74
75            </intent-filter>
76        </activity>
77
78        <service
78-->[com.google.android.gms:play-services-measurement-api:18.0.2] AndroidManifest.xml:27:9-33:19
79            android:name="com.google.firebase.components.ComponentDiscoveryService"
79-->[com.google.android.gms:play-services-measurement-api:18.0.2] AndroidManifest.xml:28:13-84
80            android:directBootAware="true"
80-->[com.google.firebase:firebase-common:19.5.0] AndroidManifest.xml:35:13-43
81            android:exported="false" >
81-->[com.google.android.gms:play-services-measurement-api:18.0.2] AndroidManifest.xml:29:13-37
82            <meta-data
82-->[com.google.android.gms:play-services-measurement-api:18.0.2] AndroidManifest.xml:30:13-32:85
83                android:name="com.google.firebase.components:com.google.firebase.analytics.connector.internal.AnalyticsConnectorRegistrar"
83-->[com.google.android.gms:play-services-measurement-api:18.0.2] AndroidManifest.xml:31:17-139
84                android:value="com.google.firebase.components.ComponentRegistrar" />
84-->[com.google.android.gms:play-services-measurement-api:18.0.2] AndroidManifest.xml:32:17-82
85            <meta-data
85-->[com.google.firebase:firebase-installations:16.3.5] AndroidManifest.xml:18:13-20:85
86                android:name="com.google.firebase.components:com.google.firebase.installations.FirebaseInstallationsRegistrar"
86-->[com.google.firebase:firebase-installations:16.3.5] AndroidManifest.xml:19:17-127
87                android:value="com.google.firebase.components.ComponentRegistrar" />
87-->[com.google.firebase:firebase-installations:16.3.5] AndroidManifest.xml:20:17-82
88            <!--
89                This registrar is not defined in the dynamic-module-support sdk itself to allow non-firebase
90                clients to use it as well, by defining this registrar in their own core/common library.
91            -->
92            <meta-data
92-->[com.google.firebase:firebase-common:19.5.0] AndroidManifest.xml:43:13-45:85
93                android:name="com.google.firebase.components:com.google.firebase.dynamicloading.DynamicLoadingRegistrar"
93-->[com.google.firebase:firebase-common:19.5.0] AndroidManifest.xml:44:17-121
94                android:value="com.google.firebase.components.ComponentRegistrar" />
94-->[com.google.firebase:firebase-common:19.5.0] AndroidManifest.xml:45:17-82
95        </service>
96
97        <provider
97-->[com.google.firebase:firebase-common:19.5.0] AndroidManifest.xml:26:9-31:39
98            android:name="com.google.firebase.provider.FirebaseInitProvider"
98-->[com.google.firebase:firebase-common:19.5.0] AndroidManifest.xml:27:13-77
99            android:authorities="com.alf.preciosaspromessas.firebaseinitprovider"
99-->[com.google.firebase:firebase-common:19.5.0] AndroidManifest.xml:28:13-72
100            android:directBootAware="true"
100-->[com.google.firebase:firebase-common:19.5.0] AndroidManifest.xml:29:13-43
101            android:exported="false"
101-->[com.google.firebase:firebase-common:19.5.0] AndroidManifest.xml:30:13-37
102            android:initOrder="100" />
102-->[com.google.firebase:firebase-common:19.5.0] AndroidManifest.xml:31:13-36
103
104        <receiver
104-->[com.google.android.gms:play-services-measurement:18.0.2] AndroidManifest.xml:29:9-33:20
105            android:name="com.google.android.gms.measurement.AppMeasurementReceiver"
105-->[com.google.android.gms:play-services-measurement:18.0.2] AndroidManifest.xml:30:13-85
106            android:enabled="true"
106-->[com.google.android.gms:play-services-measurement:18.0.2] AndroidManifest.xml:31:13-35
107            android:exported="false" >
107-->[com.google.android.gms:play-services-measurement:18.0.2] AndroidManifest.xml:32:13-37
108        </receiver>
109
110        <service
110-->[com.google.android.gms:play-services-measurement:18.0.2] AndroidManifest.xml:35:9-38:40
111            android:name="com.google.android.gms.measurement.AppMeasurementService"
111-->[com.google.android.gms:play-services-measurement:18.0.2] AndroidManifest.xml:36:13-84
112            android:enabled="true"
112-->[com.google.android.gms:play-services-measurement:18.0.2] AndroidManifest.xml:37:13-35
113            android:exported="false" />
113-->[com.google.android.gms:play-services-measurement:18.0.2] AndroidManifest.xml:38:13-37
114        <service
114-->[com.google.android.gms:play-services-measurement:18.0.2] AndroidManifest.xml:39:9-43:72
115            android:name="com.google.android.gms.measurement.AppMeasurementJobService"
115-->[com.google.android.gms:play-services-measurement:18.0.2] AndroidManifest.xml:40:13-87
116            android:enabled="true"
116-->[com.google.android.gms:play-services-measurement:18.0.2] AndroidManifest.xml:41:13-35
117            android:exported="false"
117-->[com.google.android.gms:play-services-measurement:18.0.2] AndroidManifest.xml:42:13-37
118            android:permission="android.permission.BIND_JOB_SERVICE" /> <!-- Include the AdActivity and InAppPurchaseActivity configChanges and themes. -->
118-->[com.google.android.gms:play-services-measurement:18.0.2] AndroidManifest.xml:43:13-69
119        <activity
119-->[com.google.android.gms:play-services-ads-lite:19.7.0] AndroidManifest.xml:48:9-52:64
120            android:name="com.google.android.gms.ads.AdActivity"
120-->[com.google.android.gms:play-services-ads-lite:19.7.0] AndroidManifest.xml:49:13-65
121            android:configChanges="keyboard|keyboardHidden|orientation|screenLayout|uiMode|screenSize|smallestScreenSize"
121-->[com.google.android.gms:play-services-ads-lite:19.7.0] AndroidManifest.xml:50:13-122
122            android:exported="false"
122-->[com.google.android.gms:play-services-ads-lite:19.7.0] AndroidManifest.xml:51:13-37
123            android:theme="@android:style/Theme.Translucent" />
123-->[com.google.android.gms:play-services-ads-lite:19.7.0] AndroidManifest.xml:52:13-61
124
125        <provider
125-->[com.google.android.gms:play-services-ads-lite:19.7.0] AndroidManifest.xml:54:9-58:39
126            android:name="com.google.android.gms.ads.MobileAdsInitProvider"
126-->[com.google.android.gms:play-services-ads-lite:19.7.0] AndroidManifest.xml:55:13-76
127            android:authorities="com.alf.preciosaspromessas.mobileadsinitprovider"
127-->[com.google.android.gms:play-services-ads-lite:19.7.0] AndroidManifest.xml:56:13-73
128            android:exported="false"
128-->[com.google.android.gms:play-services-ads-lite:19.7.0] AndroidManifest.xml:57:13-37
129            android:initOrder="100" />
129-->[com.google.android.gms:play-services-ads-lite:19.7.0] AndroidManifest.xml:58:13-36
130
131        <service
131-->[com.google.android.gms:play-services-ads-lite:19.7.0] AndroidManifest.xml:60:9-63:40
132            android:name="com.google.android.gms.ads.AdService"
132-->[com.google.android.gms:play-services-ads-lite:19.7.0] AndroidManifest.xml:61:13-64
133            android:enabled="true"
133-->[com.google.android.gms:play-services-ads-lite:19.7.0] AndroidManifest.xml:62:13-35
134            android:exported="false" />
134-->[com.google.android.gms:play-services-ads-lite:19.7.0] AndroidManifest.xml:63:13-37
135
136        <meta-data
136-->[com.google.android.gms:play-services-basement:17.3.0] AndroidManifest.xml:23:9-25:69
137            android:name="com.google.android.gms.version"
137-->[com.google.android.gms:play-services-basement:17.3.0] AndroidManifest.xml:24:13-58
138            android:value="@integer/google_play_services_version" />
138-->[com.google.android.gms:play-services-basement:17.3.0] AndroidManifest.xml:25:13-66
139
140        <provider
140-->[androidx.work:work-runtime:2.1.0] AndroidManifest.xml:30:9-36:35
141            android:name="androidx.work.impl.WorkManagerInitializer"
141-->[androidx.work:work-runtime:2.1.0] AndroidManifest.xml:31:13-69
142            android:authorities="com.alf.preciosaspromessas.workmanager-init"
142-->[androidx.work:work-runtime:2.1.0] AndroidManifest.xml:32:13-68
143            android:directBootAware="false"
143-->[androidx.work:work-runtime:2.1.0] AndroidManifest.xml:33:13-44
144            android:exported="false"
144-->[androidx.work:work-runtime:2.1.0] AndroidManifest.xml:34:13-37
145            android:multiprocess="true" />
145-->[androidx.work:work-runtime:2.1.0] AndroidManifest.xml:35:13-40
146
147        <service
147-->[androidx.work:work-runtime:2.1.0] AndroidManifest.xml:38:9-43:35
148            android:name="androidx.work.impl.background.systemalarm.SystemAlarmService"
148-->[androidx.work:work-runtime:2.1.0] AndroidManifest.xml:39:13-88
149            android:directBootAware="false"
149-->[androidx.work:work-runtime:2.1.0] AndroidManifest.xml:40:13-44
150            android:enabled="@bool/enable_system_alarm_service_default"
150-->[androidx.work:work-runtime:2.1.0] AndroidManifest.xml:41:13-72
151            android:exported="false" />
151-->[androidx.work:work-runtime:2.1.0] AndroidManifest.xml:42:13-37
152        <service
152-->[androidx.work:work-runtime:2.1.0] AndroidManifest.xml:44:9-50:35
153            android:name="androidx.work.impl.background.systemjob.SystemJobService"
153-->[androidx.work:work-runtime:2.1.0] AndroidManifest.xml:45:13-84
154            android:directBootAware="false"
154-->[androidx.work:work-runtime:2.1.0] AndroidManifest.xml:46:13-44
155            android:enabled="@bool/enable_system_job_service_default"
155-->[androidx.work:work-runtime:2.1.0] AndroidManifest.xml:47:13-70
156            android:exported="true"
156-->[androidx.work:work-runtime:2.1.0] AndroidManifest.xml:48:13-36
157            android:permission="android.permission.BIND_JOB_SERVICE" />
157-->[androidx.work:work-runtime:2.1.0] AndroidManifest.xml:49:13-69
158
159        <receiver
159-->[androidx.work:work-runtime:2.1.0] AndroidManifest.xml:52:9-57:35
160            android:name="androidx.work.impl.utils.ForceStopRunnable$BroadcastReceiver"
160-->[androidx.work:work-runtime:2.1.0] AndroidManifest.xml:53:13-88
161            android:directBootAware="false"
161-->[androidx.work:work-runtime:2.1.0] AndroidManifest.xml:54:13-44
162            android:enabled="true"
162-->[androidx.work:work-runtime:2.1.0] AndroidManifest.xml:55:13-35
163            android:exported="false" />
163-->[androidx.work:work-runtime:2.1.0] AndroidManifest.xml:56:13-37
164        <receiver
164-->[androidx.work:work-runtime:2.1.0] AndroidManifest.xml:58:9-68:20
165            android:name="androidx.work.impl.background.systemalarm.ConstraintProxy$BatteryChargingProxy"
165-->[androidx.work:work-runtime:2.1.0] AndroidManifest.xml:59:13-106
166            android:directBootAware="false"
166-->[androidx.work:work-runtime:2.1.0] AndroidManifest.xml:60:13-44
167            android:enabled="false"
167-->[androidx.work:work-runtime:2.1.0] AndroidManifest.xml:61:13-36
168            android:exported="false" >
168-->[androidx.work:work-runtime:2.1.0] AndroidManifest.xml:62:13-37
169            <intent-filter>
169-->[androidx.work:work-runtime:2.1.0] AndroidManifest.xml:64:13-67:29
170                <action android:name="android.intent.action.ACTION_POWER_CONNECTED" />
170-->[androidx.work:work-runtime:2.1.0] AndroidManifest.xml:65:17-87
170-->[androidx.work:work-runtime:2.1.0] AndroidManifest.xml:65:25-84
171                <action android:name="android.intent.action.ACTION_POWER_DISCONNECTED" />
171-->[androidx.work:work-runtime:2.1.0] AndroidManifest.xml:66:17-90
171-->[androidx.work:work-runtime:2.1.0] AndroidManifest.xml:66:25-87
172            </intent-filter>
173        </receiver>
174        <receiver
174-->[androidx.work:work-runtime:2.1.0] AndroidManifest.xml:69:9-79:20
175            android:name="androidx.work.impl.background.systemalarm.ConstraintProxy$BatteryNotLowProxy"
175-->[androidx.work:work-runtime:2.1.0] AndroidManifest.xml:70:13-104
176            android:directBootAware="false"
176-->[androidx.work:work-runtime:2.1.0] AndroidManifest.xml:71:13-44
177            android:enabled="false"
177-->[androidx.work:work-runtime:2.1.0] AndroidManifest.xml:72:13-36
178            android:exported="false" >
178-->[androidx.work:work-runtime:2.1.0] AndroidManifest.xml:73:13-37
179            <intent-filter>
179-->[androidx.work:work-runtime:2.1.0] AndroidManifest.xml:75:13-78:29
180                <action android:name="android.intent.action.BATTERY_OKAY" />
180-->[androidx.work:work-runtime:2.1.0] AndroidManifest.xml:76:17-77
180-->[androidx.work:work-runtime:2.1.0] AndroidManifest.xml:76:25-74
181                <action android:name="android.intent.action.BATTERY_LOW" />
181-->[androidx.work:work-runtime:2.1.0] AndroidManifest.xml:77:17-76
181-->[androidx.work:work-runtime:2.1.0] AndroidManifest.xml:77:25-73
182            </intent-filter>
183        </receiver>
184        <receiver
184-->[androidx.work:work-runtime:2.1.0] AndroidManifest.xml:80:9-90:20
185            android:name="androidx.work.impl.background.systemalarm.ConstraintProxy$StorageNotLowProxy"
185-->[androidx.work:work-runtime:2.1.0] AndroidManifest.xml:81:13-104
186            android:directBootAware="false"
186-->[androidx.work:work-runtime:2.1.0] AndroidManifest.xml:82:13-44
187            android:enabled="false"
187-->[androidx.work:work-runtime:2.1.0] AndroidManifest.xml:83:13-36
188            android:exported="false" >
188-->[androidx.work:work-runtime:2.1.0] AndroidManifest.xml:84:13-37
189            <intent-filter>
189-->[androidx.work:work-runtime:2.1.0] AndroidManifest.xml:86:13-89:29
190                <action android:name="android.intent.action.DEVICE_STORAGE_LOW" />
190-->[androidx.work:work-runtime:2.1.0] AndroidManifest.xml:87:17-83
190-->[androidx.work:work-runtime:2.1.0] AndroidManifest.xml:87:25-80
191                <action android:name="android.intent.action.DEVICE_STORAGE_OK" />
191-->[androidx.work:work-runtime:2.1.0] AndroidManifest.xml:88:17-82
191-->[androidx.work:work-runtime:2.1.0] AndroidManifest.xml:88:25-79
192            </intent-filter>
193        </receiver>
194        <receiver
194-->[androidx.work:work-runtime:2.1.0] AndroidManifest.xml:91:9-100:20
195            android:name="androidx.work.impl.background.systemalarm.ConstraintProxy$NetworkStateProxy"
195-->[androidx.work:work-runtime:2.1.0] AndroidManifest.xml:92:13-103
196            android:directBootAware="false"
196-->[androidx.work:work-runtime:2.1.0] AndroidManifest.xml:93:13-44
197            android:enabled="false"
197-->[androidx.work:work-runtime:2.1.0] AndroidManifest.xml:94:13-36
198            android:exported="false" >
198-->[androidx.work:work-runtime:2.1.0] AndroidManifest.xml:95:13-37
199            <intent-filter>
199-->[androidx.work:work-runtime:2.1.0] AndroidManifest.xml:97:13-99:29
200                <action android:name="android.net.conn.CONNECTIVITY_CHANGE" />
200-->[androidx.work:work-runtime:2.1.0] AndroidManifest.xml:98:17-79
200-->[androidx.work:work-runtime:2.1.0] AndroidManifest.xml:98:25-76
201            </intent-filter>
202        </receiver>
203        <receiver
203-->[androidx.work:work-runtime:2.1.0] AndroidManifest.xml:101:9-112:20
204            android:name="androidx.work.impl.background.systemalarm.RescheduleReceiver"
204-->[androidx.work:work-runtime:2.1.0] AndroidManifest.xml:102:13-88
205            android:directBootAware="false"
205-->[androidx.work:work-runtime:2.1.0] AndroidManifest.xml:103:13-44
206            android:enabled="false"
206-->[androidx.work:work-runtime:2.1.0] AndroidManifest.xml:104:13-36
207            android:exported="false" >
207-->[androidx.work:work-runtime:2.1.0] AndroidManifest.xml:105:13-37
208            <intent-filter>
208-->[androidx.work:work-runtime:2.1.0] AndroidManifest.xml:107:13-111:29
209                <action android:name="android.intent.action.BOOT_COMPLETED" />
209-->[androidx.work:work-runtime:2.1.0] AndroidManifest.xml:108:17-79
209-->[androidx.work:work-runtime:2.1.0] AndroidManifest.xml:108:25-76
210                <action android:name="android.intent.action.TIME_SET" />
210-->[androidx.work:work-runtime:2.1.0] AndroidManifest.xml:109:17-73
210-->[androidx.work:work-runtime:2.1.0] AndroidManifest.xml:109:25-70
211                <action android:name="android.intent.action.TIMEZONE_CHANGED" />
211-->[androidx.work:work-runtime:2.1.0] AndroidManifest.xml:110:17-81
211-->[androidx.work:work-runtime:2.1.0] AndroidManifest.xml:110:25-78
212            </intent-filter>
213        </receiver>
214        <receiver
214-->[androidx.work:work-runtime:2.1.0] AndroidManifest.xml:113:9-122:20
215            android:name="androidx.work.impl.background.systemalarm.ConstraintProxyUpdateReceiver"
215-->[androidx.work:work-runtime:2.1.0] AndroidManifest.xml:114:13-99
216            android:directBootAware="false"
216-->[androidx.work:work-runtime:2.1.0] AndroidManifest.xml:115:13-44
217            android:enabled="@bool/enable_system_alarm_service_default"
217-->[androidx.work:work-runtime:2.1.0] AndroidManifest.xml:116:13-72
218            android:exported="false" >
218-->[androidx.work:work-runtime:2.1.0] AndroidManifest.xml:117:13-37
219            <intent-filter>
219-->[androidx.work:work-runtime:2.1.0] AndroidManifest.xml:119:13-121:29
220                <action android:name="androidx.work.impl.background.systemalarm.UpdateProxies" />
220-->[androidx.work:work-runtime:2.1.0] AndroidManifest.xml:120:17-98
220-->[androidx.work:work-runtime:2.1.0] AndroidManifest.xml:120:25-95
221            </intent-filter>
222        </receiver>
223
224        <service
224-->[androidx.room:room-runtime:2.1.0] AndroidManifest.xml:25:9-27:40
225            android:name="androidx.room.MultiInstanceInvalidationService"
225-->[androidx.room:room-runtime:2.1.0] AndroidManifest.xml:26:13-74
226            android:exported="false" />
226-->[androidx.room:room-runtime:2.1.0] AndroidManifest.xml:27:13-37
227    </application>
228
229</manifest>